[2017-01-24 01:01:52,278] TRACE [Controller 0]: checking need to trigger partition rebalance (kafka.controller.KafkaController)
[2017-01-24 01:01:52,280] DEBUG [Controller 0]: preferred replicas by broker Map(0 -> Map([twitterstream,0] -> List(0))) (kafka.controller.KafkaController)
[2017-01-24 01:01:52,280] DEBUG [Controller 0]: topics not in preferred replica Map() (kafka.controller.KafkaController)
[2017-01-24 01:01:52,280] TRACE [Controller 0]: leader imbalance ratio for broker 0 is 0.000000 (kafka.controller.KafkaController)
[2017-01-24 01:06:52,269] TRACE [Controller 0]: checking need to trigger partition rebalance (kafka.controller.KafkaController)
[2017-01-24 01:06:52,269] DEBUG [Controller 0]: preferred replicas by broker Map(0 -> Map([twitterstream,0] -> List(0))) (kafka.controller.KafkaController)
[2017-01-24 01:06:52,269] DEBUG [Controller 0]: topics not in preferred replica Map() (kafka.controller.KafkaController)
[2017-01-24 01:06:52,269] TRACE [Controller 0]: leader imbalance ratio for broker 0 is 0.000000 (kafka.controller.KafkaController)
[2017-01-24 01:11:52,263] TRACE [Controller 0]: checking need to trigger partition rebalance (kafka.controller.KafkaController)
[2017-01-24 01:11:52,264] DEBUG [Controller 0]: preferred replicas by broker Map(0 -> Map([twitterstream,0] -> List(0))) (kafka.controller.KafkaController)
[2017-01-24 01:11:52,264] DEBUG [Controller 0]: topics not in preferred replica Map() (kafka.controller.KafkaController)
[2017-01-24 01:11:52,264] TRACE [Controller 0]: leader imbalance ratio for broker 0 is 0.000000 (kafka.controller.KafkaController)
[2017-01-24 01:16:52,254] TRACE [Controller 0]: checking need to trigger partition rebalance (kafka.controller.KafkaController)
[2017-01-24 01:16:52,254] DEBUG [Controller 0]: preferred replicas by broker Map(0 -> Map([twitterstream,0] -> List(0))) (kafka.controller.KafkaController)
[2017-01-24 01:16:52,254] DEBUG [Controller 0]: topics not in preferred replica Map() (kafka.controller.KafkaController)
[2017-01-24 01:16:52,254] TRACE [Controller 0]: leader imbalance ratio for broker 0 is 0.000000 (kafka.controller.KafkaController)
[2017-01-24 01:21:52,247] TRACE [Controller 0]: checking need to trigger partition rebalance (kafka.controller.KafkaController)
[2017-01-24 01:21:52,247] DEBUG [Controller 0]: preferred replicas by broker Map(0 -> Map([twitterstream,0] -> List(0))) (kafka.controller.KafkaController)
[2017-01-24 01:21:52,247] DEBUG [Controller 0]: topics not in preferred replica Map() (kafka.controller.KafkaController)
[2017-01-24 01:21:52,247] TRACE [Controller 0]: leader imbalance ratio for broker 0 is 0.000000 (kafka.controller.KafkaController)
[2017-01-24 01:26:52,239] TRACE [Controller 0]: checking need to trigger partition rebalance (kafka.controller.KafkaController)
[2017-01-24 01:26:52,239] DEBUG [Controller 0]: preferred replicas by broker Map(0 -> Map([twitterstream,0] -> List(0))) (kafka.controller.KafkaController)
[2017-01-24 01:26:52,239] DEBUG [Controller 0]: topics not in preferred replica Map() (kafka.controller.KafkaController)
[2017-01-24 01:26:52,239] TRACE [Controller 0]: leader imbalance ratio for broker 0 is 0.000000 (kafka.controller.KafkaController)
[2017-01-24 01:31:52,229] TRACE [Controller 0]: checking need to trigger partition rebalance (kafka.controller.KafkaController)
[2017-01-24 01:31:52,230] DEBUG [Controller 0]: preferred replicas by broker Map(0 -> Map([twitterstream,0] -> List(0))) (kafka.controller.KafkaController)
[2017-01-24 01:31:52,230] DEBUG [Controller 0]: topics not in preferred replica Map() (kafka.controller.KafkaController)
[2017-01-24 01:31:52,231] TRACE [Controller 0]: leader imbalance ratio for broker 0 is 0.000000 (kafka.controller.KafkaController)
[2017-01-24 01:36:52,224] TRACE [Controller 0]: checking need to trigger partition rebalance (kafka.controller.KafkaController)
[2017-01-24 01:36:52,224] DEBUG [Controller 0]: preferred replicas by broker Map(0 -> Map([twitterstream,0] -> List(0))) (kafka.controller.KafkaController)
[2017-01-24 01:36:52,224] DEBUG [Controller 0]: topics not in preferred replica Map() (kafka.controller.KafkaController)
[2017-01-24 01:36:52,224] TRACE [Controller 0]: leader imbalance ratio for broker 0 is 0.000000 (kafka.controller.KafkaController)
[2017-01-24 01:41:52,217] TRACE [Controller 0]: checking need to trigger partition rebalance (kafka.controller.KafkaController)
[2017-01-24 01:41:52,217] DEBUG [Controller 0]: preferred replicas by broker Map(0 -> Map([twitterstream,0] -> List(0))) (kafka.controller.KafkaController)
[2017-01-24 01:41:52,217] DEBUG [Controller 0]: topics not in preferred replica Map() (kafka.controller.KafkaController)
[2017-01-24 01:41:52,217] TRACE [Controller 0]: leader imbalance ratio for broker 0 is 0.000000 (kafka.controller.KafkaController)
[2017-01-24 01:45:31,209] INFO [Controller 0]: Shutting down broker 0 (kafka.controller.KafkaController)
[2017-01-24 01:45:31,211] DEBUG [Controller 0]: All shutting down brokers: 0 (kafka.controller.KafkaController)
[2017-01-24 01:45:31,211] DEBUG [Controller 0]: Live brokers:  (kafka.controller.KafkaController)
[2017-01-24 01:45:31,217] TRACE [Controller 0]: All leaders = [twitterstream,0] -> (Leader:0,ISR:0,LeaderEpoch:10,ControllerEpoch:11) (kafka.controller.KafkaController)
[2017-01-24 01:45:32,688] DEBUG [Controller 0]: Controller resigning, broker id 0 (kafka.controller.KafkaController)
[2017-01-24 01:45:32,688] DEBUG [Controller 0]: De-registering IsrChangeNotificationListener (kafka.controller.KafkaController)
[2017-01-24 01:45:32,689] INFO [Partition state machine on Controller 0]: Stopped partition state machine (kafka.controller.PartitionStateMachine)
[2017-01-24 01:45:32,689] INFO [Replica state machine on controller 0]: Stopped replica state machine (kafka.controller.ReplicaStateMachine)
[2017-01-24 01:45:32,691] INFO [Controller-0-to-broker-0-send-thread], Shutting down (kafka.controller.RequestSendThread)
[2017-01-24 01:45:32,691] INFO [Controller-0-to-broker-0-send-thread], Stopped  (kafka.controller.RequestSendThread)
[2017-01-24 01:45:32,691] INFO [Controller-0-to-broker-0-send-thread], Shutdown completed (kafka.controller.RequestSendThread)
[2017-01-24 01:45:32,691] INFO [Controller 0]: Broker 0 resigned as the controller (kafka.controller.KafkaController)
